<?xml version="1.0" encoding="UTF-8"?>
<!-- Generated by org.testng.reporters.JUnitXMLReporter -->
<testsuite hostname="Rahul_P" name="FirstName_SpecChar" tests="45" failures="2" timestamp="5 Sep 2014 13:24:14 GMT" time="1893.399" errors="0">
  <testcase name="@BeforeMethod setUp" time="0.0" classname="com.linkedin.cases.CreateNewAccount">
    <failure type="org.openqa.selenium.WebDriverException" message="The FirefoxDriver cannot be used after quit() was called.
Build info: version: &amp;apos;2.42.2&amp;apos;, revision: &amp;apos;6a6995d&amp;apos;, time: &amp;apos;2014-06-03 17:42:03&amp;apos;
System info: host: &amp;apos;Rahul_P&amp;apos;, ip: &amp;apos;192.168.56.1&amp;apos;, os.name: &amp;apos;Windows 8&amp;apos;, os.arch: &amp;apos;x86&amp;apos;, os.version: &amp;apos;6.2&amp;apos;, java.version: &amp;apos;1.7.0_40&amp;apos;
Driver info: driver.version: RemoteWebDriver
Command duration or timeout: 481 milliseconds
Build info: version: &amp;apos;2.42.2&amp;apos;, revision: &amp;apos;6a6995d&amp;apos;, time: &amp;apos;2014-06-03 17:42:03&amp;apos;
System info: host: &amp;apos;Rahul_P&amp;apos;, ip: &amp;apos;192.168.56.1&amp;apos;, os.name: &amp;apos;Windows 8.1&amp;apos;, os.arch: &amp;apos;x86&amp;apos;, os.version: &amp;apos;6.3&amp;apos;, java.version: &amp;apos;1.7.0_55&amp;apos;
Driver info: org.openqa.selenium.remote.RemoteWebDriver
Capabilities [{platform=XP, acceptSslCerts=true, javascriptEnabled=true, browserName=firefox, rotatable=false, locationContextEnabled=true, webdriver.remote.sessionid=532caf62-dee0-4e4d-88d2-6f38d84a9ba8, version=31.0, cssSelectorsEnabled=true, databaseEnabled=true, handlesAlerts=true, nativeEvents=false, webStorageEnabled=true, applicationCacheEnabled=true, takesScreenshot=true}]">
      <![CDATA[org.openqa.selenium.WebDriverException: The FirefoxDriver cannot be used after quit() was called.
Build info: version: '2.42.2', revision: '6a6995d', time: '2014-06-03 17:42:03'
System info: host: 'Rahul_P', ip: '192.168.56.1', os.name: 'Windows 8', os.arch: 'x86', os.version: '6.2', java.version: '1.7.0_40'
Driver info: driver.version: RemoteWebDriver
Command duration or timeout: 481 milliseconds
Build info: version: '2.42.2', revision: '6a6995d', time: '2014-06-03 17:42:03'
System info: host: 'Rahul_P', ip: '192.168.56.1', os.name: 'Windows 8.1', os.arch: 'x86', os.version: '6.3', java.version: '1.7.0_55'
Driver info: org.openqa.selenium.remote.RemoteWebDriver
Capabilities [{platform=XP, acceptSslCerts=true, javascriptEnabled=true, browserName=firefox, rotatable=false, locationContextEnabled=true, webdriver.remote.sessionid=532caf62-dee0-4e4d-88d2-6f38d84a9ba8, version=31.0, cssSelectorsEnabled=true, databaseEnabled=true, handlesAlerts=true, nativeEvents=false, webStorageEnabled=true, applicationCacheEnabled=true, takesScreenshot=true}]
	at sun.reflect.NativeConstructorAccessorImpl.newInstance0(Native Method)
	at sun.reflect.NativeConstructorAccessorImpl.newInstance(Unknown Source)
	at sun.reflect.DelegatingConstructorAccessorImpl.newInstance(Unknown Source)
	at java.lang.reflect.Constructor.newInstance(Unknown Source)
	at org.openqa.selenium.remote.ErrorHandler.createThrowable(ErrorHandler.java:204)
	at org.openqa.selenium.remote.ErrorHandler.throwIfResponseFailed(ErrorHandler.java:156)
	at org.openqa.selenium.remote.RemoteWebDriver.execute(RemoteWebDriver.java:599)
	at org.openqa.selenium.remote.RemoteWebDriver$RemoteWebDriverOptions$RemoteWindow.maximize(RemoteWebDriver.java:829)
	at com.linkedin.init.SeleniumInit.setUp(SeleniumInit.java:265)
	at sun.reflect.GeneratedMethodAccessor18.invoke(Unknown Source)
	at sun.reflect.DelegatingMethodAccessorImpl.invoke(Unknown Source)
	at java.lang.reflect.Method.invoke(Unknown Source)
	at org.testng.internal.MethodInvocationHelper.invokeMethod(MethodInvocationHelper.java:84)
	at org.testng.internal.Invoker.invokeConfigurationMethod(Invoker.java:564)
	at org.testng.internal.Invoker.invokeConfigurations(Invoker.java:213)
	at org.testng.internal.Invoker.invokeMethod(Invoker.java:653)
	at org.testng.internal.Invoker.invokeTestMethod(Invoker.java:901)
	at org.testng.internal.TestMethodWithDataProviderMethodWorker.call(TestMethodWithDataProviderMethodWorker.java:73)
	at org.testng.internal.TestMethodWithDataProviderMethodWorker.call(TestMethodWithDataProviderMethodWorker.java:14)
	at java.util.concurrent.FutureTask.run(Unknown Source)
	at java.util.concurrent.Executors$RunnableAdapter.call(Unknown Source)
	at java.util.concurrent.FutureTask.run(Unknown Source)
	at java.util.concurrent.ThreadPoolExecutor.runWorker(Unknown Source)
	at java.util.concurrent.ThreadPoolExecutor$Worker.run(Unknown Source)
	at java.lang.Thread.run(Unknown Source)
Caused by: org.openqa.selenium.remote.SessionNotFoundException: The FirefoxDriver cannot be used after quit() was called.
Build info: version: '2.42.2', revision: '6a6995d', time: '2014-06-03 17:42:03'
System info: host: 'Rahul_P', ip: '192.168.56.1', os.name: 'Windows 8', os.arch: 'x86', os.version: '6.2', java.version: '1.7.0_40'
Driver info: driver.version: RemoteWebDriver
Build info: version: '2.42.2', revision: '6a6995d', time: '2014-06-03 17:42:03'
System info: host: 'Rahul_P', ip: '192.168.56.1', os.name: 'Windows 8.1', os.arch: 'x86', os.version: '6.3', java.version: '1.7.0_55'
Driver info: driver.version: RemoteWebDriver
	at org.openqa.selenium.firefox.FirefoxDriver$LazyCommandExecutor.execute(FirefoxDriver.java:359)
	at org.openqa.selenium.remote.RemoteWebDriver.execute(RemoteWebDriver.java:572)
	at org.openqa.selenium.remote.RemoteWebDriver$RemoteWebDriverOptions$RemoteWindow.maximize(RemoteWebDriver.java:829)
	at org.openqa.selenium.support.events.EventFiringWebDriver$EventFiringWindow.maximize(EventFiringWebDriver.java:630)
	at org.openqa.selenium.remote.server.handler.MaximizeWindow.call(MaximizeWindow.java:30)
	at org.openqa.selenium.remote.server.handler.MaximizeWindow.call(MaximizeWindow.java:1)
	at java.util.concurrent.FutureTask.run(FutureTask.java:262)
	at org.openqa.selenium.remote.server.DefaultSession$1.run(DefaultSession.java:169)
	at java.util.concurrent.ThreadPoolExecutor.runWorker(ThreadPoolExecutor.java:1145)
	at java.util.concurrent.ThreadPoolExecutor$Worker.run(ThreadPoolExecutor.java:615)
	at java.lang.Thread.run(Thread.java:724)
]]>
    </failure>
  </testcase> <!-- @BeforeMethod setUp -->
  <testcase name="@BeforeMethod setUp" time="0.0" classname="com.linkedin.cases.CreateNewAccount">
    <skipped/>
  </testcase> <!-- @BeforeMethod setUp -->
  <testcase name="@BeforeMethod setUp" time="0.0" classname="com.linkedin.cases.CreateNewAccount">
    <skipped/>
  </testcase> <!-- @BeforeMethod setUp -->
  <testcase name="@BeforeMethod setUp" time="0.0" classname="com.linkedin.cases.CreateNewAccount">
    <skipped/>
  </testcase> <!-- @BeforeMethod setUp -->
  <testcase name="@BeforeMethod setUp" time="0.0" classname="com.linkedin.cases.CreateNewAccount">
    <skipped/>
  </testcase> <!-- @BeforeMethod setUp -->
  <testcase name="@BeforeMethod setUp" time="0.0" classname="com.linkedin.cases.CreateNewAccount">
    <skipped/>
  </testcase> <!-- @BeforeMethod setUp -->
  <testcase name="@BeforeMethod setUp" time="0.0" classname="com.linkedin.cases.CreateNewAccount">
    <skipped/>
  </testcase> <!-- @BeforeMethod setUp -->
  <testcase name="@BeforeMethod setUp" time="0.0" classname="com.linkedin.cases.CreateNewAccount">
    <skipped/>
  </testcase> <!-- @BeforeMethod setUp -->
  <testcase name="@BeforeMethod setUp" time="0.0" classname="com.linkedin.cases.CreateNewAccount">
    <skipped/>
  </testcase> <!-- @BeforeMethod setUp -->
  <testcase name="@BeforeMethod setUp" time="0.0" classname="com.linkedin.cases.CreateNewAccount">
    <skipped/>
  </testcase> <!-- @BeforeMethod setUp -->
  <testcase name="@BeforeMethod setUp" time="0.0" classname="com.linkedin.cases.CreateNewAccount">
    <skipped/>
  </testcase> <!-- @BeforeMethod setUp -->
  <testcase name="@BeforeMethod setUp" time="0.0" classname="com.linkedin.cases.CreateNewAccount">
    <skipped/>
  </testcase> <!-- @BeforeMethod setUp -->
  <testcase name="@BeforeMethod setUp" time="0.0" classname="com.linkedin.cases.CreateNewAccount">
    <skipped/>
  </testcase> <!-- @BeforeMethod setUp -->
  <testcase name="@BeforeMethod setUp" time="0.0" classname="com.linkedin.cases.CreateNewAccount">
    <skipped/>
  </testcase> <!-- @BeforeMethod setUp -->
  <testcase name="@BeforeMethod setUp" time="0.0" classname="com.linkedin.cases.CreateNewAccount">
    <skipped/>
  </testcase> <!-- @BeforeMethod setUp -->
  <testcase name="@BeforeMethod setUp" time="0.0" classname="com.linkedin.cases.CreateNewAccount">
    <skipped/>
  </testcase> <!-- @BeforeMethod setUp -->
  <testcase name="@BeforeMethod setUp" time="0.0" classname="com.linkedin.cases.CreateNewAccount">
    <skipped/>
  </testcase> <!-- @BeforeMethod setUp -->
  <testcase name="@BeforeMethod setUp" time="0.0" classname="com.linkedin.cases.CreateNewAccount">
    <skipped/>
  </testcase> <!-- @BeforeMethod setUp -->
  <testcase name="@BeforeMethod setUp" time="0.0" classname="com.linkedin.cases.CreateNewAccount">
    <skipped/>
  </testcase> <!-- @BeforeMethod setUp -->
  <testcase name="@BeforeMethod setUp" time="0.0" classname="com.linkedin.cases.CreateNewAccount">
    <skipped/>
  </testcase> <!-- @BeforeMethod setUp -->
  <testcase name="@BeforeMethod setUp" time="0.0" classname="com.linkedin.cases.CreateNewAccount">
    <skipped/>
  </testcase> <!-- @BeforeMethod setUp -->
  <testcase name="@BeforeMethod setUp" time="0.0" classname="com.linkedin.cases.CreateNewAccount">
    <skipped/>
  </testcase> <!-- @BeforeMethod setUp -->
  <testcase name="@BeforeMethod setUp" time="0.0" classname="com.linkedin.cases.CreateNewAccount">
    <skipped/>
  </testcase> <!-- @BeforeMethod setUp -->
  <testcase name="@BeforeMethod setUp" time="0.0" classname="com.linkedin.cases.CreateNewAccount">
    <skipped/>
  </testcase> <!-- @BeforeMethod setUp -->
  <testcase name="@BeforeMethod setUp" time="0.0" classname="com.linkedin.cases.CreateNewAccount">
    <skipped/>
  </testcase> <!-- @BeforeMethod setUp -->
  <testcase name="@BeforeMethod setUp" time="0.0" classname="com.linkedin.cases.CreateNewAccount">
    <skipped/>
  </testcase> <!-- @BeforeMethod setUp -->
  <testcase name="@BeforeMethod setUp" time="0.0" classname="com.linkedin.cases.CreateNewAccount">
    <skipped/>
  </testcase> <!-- @BeforeMethod setUp -->
  <testcase name="@BeforeMethod setUp" time="0.0" classname="com.linkedin.cases.CreateNewAccount">
    <skipped/>
  </testcase> <!-- @BeforeMethod setUp -->
  <testcase name="@BeforeMethod setUp" time="0.0" classname="com.linkedin.cases.CreateNewAccount">
    <skipped/>
  </testcase> <!-- @BeforeMethod setUp -->
  <testcase name="@BeforeMethod setUp" time="0.0" classname="com.linkedin.cases.CreateNewAccount">
    <skipped/>
  </testcase> <!-- @BeforeMethod setUp -->
  <testcase name="@BeforeMethod setUp" time="0.0" classname="com.linkedin.cases.CreateNewAccount">
    <skipped/>
  </testcase> <!-- @BeforeMethod setUp -->
  <testcase name="@BeforeMethod setUp" time="0.0" classname="com.linkedin.cases.CreateNewAccount">
    <skipped/>
  </testcase> <!-- @BeforeMethod setUp -->
  <testcase name="@BeforeMethod setUp" time="0.0" classname="com.linkedin.cases.CreateNewAccount">
    <skipped/>
  </testcase> <!-- @BeforeMethod setUp -->
  <testcase name="@BeforeMethod setUp" time="0.0" classname="com.linkedin.cases.CreateNewAccount">
    <skipped/>
  </testcase> <!-- @BeforeMethod setUp -->
  <testcase name="@BeforeMethod setUp" time="0.0" classname="com.linkedin.cases.CreateNewAccount">
    <skipped/>
  </testcase> <!-- @BeforeMethod setUp -->
  <testcase name="@BeforeMethod setUp" time="0.0" classname="com.linkedin.cases.CreateNewAccount">
    <skipped/>
  </testcase> <!-- @BeforeMethod setUp -->
  <testcase name="click_joinnow_button" time="10.483" classname="com.linkedin.cases.CreateNewAccount"/>
  <testcase name="cookiepolicy_link" time="18.526" classname="com.linkedin.cases.CreateNewAccount"/>
  <testcase name="invalidFirstname" time="40.885" classname="com.linkedin.cases.CreateNewAccount"/>
  <testcase name="invalidFirstname" time="3.006" classname="com.linkedin.cases.CreateNewAccount">
    <failure type="org.openqa.selenium.remote.SessionNotFoundException" message="Session ID is null. Using WebDriver after calling quit()?
Build info: version: &amp;apos;2.42.2&amp;apos;, revision: &amp;apos;6a6995d&amp;apos;, time: &amp;apos;2014-06-03 17:42:03&amp;apos;
System info: host: &amp;apos;Rahul_P&amp;apos;, ip: &amp;apos;192.168.56.1&amp;apos;, os.name: &amp;apos;Windows 8.1&amp;apos;, os.arch: &amp;apos;x86&amp;apos;, os.version: &amp;apos;6.3&amp;apos;, java.version: &amp;apos;1.7.0_55&amp;apos;
Driver info: driver.version: RemoteWebDriver">
      <![CDATA[org.openqa.selenium.remote.SessionNotFoundException: Session ID is null. Using WebDriver after calling quit()?
Build info: version: '2.42.2', revision: '6a6995d', time: '2014-06-03 17:42:03'
System info: host: 'Rahul_P', ip: '192.168.56.1', os.name: 'Windows 8.1', os.arch: 'x86', os.version: '6.3', java.version: '1.7.0_55'
Driver info: driver.version: RemoteWebDriver
	at org.openqa.selenium.remote.HttpCommandExecutor.execute(HttpCommandExecutor.java:147)
	at org.openqa.selenium.remote.RemoteWebDriver.execute(RemoteWebDriver.java:572)
	at org.openqa.selenium.remote.RemoteWebDriver.execute(RemoteWebDriver.java:614)
	at org.openqa.selenium.remote.RemoteWebDriver.getTitle(RemoteWebDriver.java:313)
	at com.linkedin.pages.CreateNewAccount_Verification.openURL(CreateNewAccount_Verification.java:46)
	at com.linkedin.cases.CreateNewAccount.invalidFirstname(CreateNewAccount.java:118)
	at sun.reflect.NativeMethodAccessorImpl.invoke0(Native Method)
	at sun.reflect.NativeMethodAccessorImpl.invoke(Unknown Source)
	at sun.reflect.DelegatingMethodAccessorImpl.invoke(Unknown Source)
	at java.lang.reflect.Method.invoke(Unknown Source)
	at org.testng.internal.MethodInvocationHelper.invokeMethod(MethodInvocationHelper.java:84)
	at org.testng.internal.Invoker.invokeMethod(Invoker.java:714)
	at org.testng.internal.Invoker.invokeTestMethod(Invoker.java:901)
	at org.testng.internal.TestMethodWithDataProviderMethodWorker.call(TestMethodWithDataProviderMethodWorker.java:73)
	at org.testng.internal.TestMethodWithDataProviderMethodWorker.call(TestMethodWithDataProviderMethodWorker.java:14)
	at java.util.concurrent.FutureTask.run(Unknown Source)
	at java.util.concurrent.Executors$RunnableAdapter.call(Unknown Source)
	at java.util.concurrent.FutureTask.run(Unknown Source)
	at java.util.concurrent.ThreadPoolExecutor.runWorker(Unknown Source)
	at java.util.concurrent.ThreadPoolExecutor$Worker.run(Unknown Source)
	at java.lang.Thread.run(Unknown Source)
]]>
    </failure>
  </testcase> <!-- invalidFirstname -->
  <testcase name="invalidFirstname" time="41.24" classname="com.linkedin.cases.CreateNewAccount"/>
  <testcase name="invalidFirstname" time="3.002" classname="com.linkedin.cases.CreateNewAccount">
    <failure type="org.openqa.selenium.remote.SessionNotFoundException" message="Session ID is null. Using WebDriver after calling quit()?
Build info: version: &amp;apos;2.42.2&amp;apos;, revision: &amp;apos;6a6995d&amp;apos;, time: &amp;apos;2014-06-03 17:42:03&amp;apos;
System info: host: &amp;apos;Rahul_P&amp;apos;, ip: &amp;apos;192.168.56.1&amp;apos;, os.name: &amp;apos;Windows 8.1&amp;apos;, os.arch: &amp;apos;x86&amp;apos;, os.version: &amp;apos;6.3&amp;apos;, java.version: &amp;apos;1.7.0_55&amp;apos;
Driver info: driver.version: RemoteWebDriver">
      <![CDATA[org.openqa.selenium.remote.SessionNotFoundException: Session ID is null. Using WebDriver after calling quit()?
Build info: version: '2.42.2', revision: '6a6995d', time: '2014-06-03 17:42:03'
System info: host: 'Rahul_P', ip: '192.168.56.1', os.name: 'Windows 8.1', os.arch: 'x86', os.version: '6.3', java.version: '1.7.0_55'
Driver info: driver.version: RemoteWebDriver
	at org.openqa.selenium.remote.HttpCommandExecutor.execute(HttpCommandExecutor.java:147)
	at org.openqa.selenium.remote.RemoteWebDriver.execute(RemoteWebDriver.java:572)
	at org.openqa.selenium.remote.RemoteWebDriver.execute(RemoteWebDriver.java:614)
	at org.openqa.selenium.remote.RemoteWebDriver.getTitle(RemoteWebDriver.java:313)
	at com.linkedin.pages.CreateNewAccount_Verification.openURL(CreateNewAccount_Verification.java:46)
	at com.linkedin.cases.CreateNewAccount.invalidFirstname(CreateNewAccount.java:118)
	at sun.reflect.NativeMethodAccessorImpl.invoke0(Native Method)
	at sun.reflect.NativeMethodAccessorImpl.invoke(Unknown Source)
	at sun.reflect.DelegatingMethodAccessorImpl.invoke(Unknown Source)
	at java.lang.reflect.Method.invoke(Unknown Source)
	at org.testng.internal.MethodInvocationHelper.invokeMethod(MethodInvocationHelper.java:84)
	at org.testng.internal.Invoker.invokeMethod(Invoker.java:714)
	at org.testng.internal.Invoker.invokeTestMethod(Invoker.java:901)
	at org.testng.internal.TestMethodWithDataProviderMethodWorker.call(TestMethodWithDataProviderMethodWorker.java:73)
	at org.testng.internal.TestMethodWithDataProviderMethodWorker.call(TestMethodWithDataProviderMethodWorker.java:14)
	at java.util.concurrent.FutureTask.run(Unknown Source)
	at java.util.concurrent.Executors$RunnableAdapter.call(Unknown Source)
	at java.util.concurrent.FutureTask.run(Unknown Source)
	at java.util.concurrent.ThreadPoolExecutor.runWorker(Unknown Source)
	at java.util.concurrent.ThreadPoolExecutor$Worker.run(Unknown Source)
	at java.lang.Thread.run(Unknown Source)
]]>
    </failure>
  </testcase> <!-- invalidFirstname -->
  <testcase name="invalidLastName" time="30.032" classname="com.linkedin.cases.CreateNewAccount"/>
  <testcase name="invalidLastName" time="39.864" classname="com.linkedin.cases.CreateNewAccount"/>
  <testcase name="invalidLastName" time="0.001" classname="com.linkedin.cases.CreateNewAccount">
    <skipped/>
  </testcase> <!-- invalidLastName -->
  <testcase name="invalidLastName" time="39.812" classname="com.linkedin.cases.CreateNewAccount"/>
  <testcase name="invalid_emailid" time="0.002" classname="com.linkedin.cases.CreateNewAccount">
    <skipped/>
  </testcase> <!-- invalid_emailid -->
  <testcase name="invalid_emailid" time="0.001" classname="com.linkedin.cases.CreateNewAccount">
    <skipped/>
  </testcase> <!-- invalid_emailid -->
  <testcase name="invalid_emailid" time="0.016" classname="com.linkedin.cases.CreateNewAccount">
    <skipped/>
  </testcase> <!-- invalid_emailid -->
  <testcase name="invalid_emailid" time="0.001" classname="com.linkedin.cases.CreateNewAccount">
    <skipped/>
  </testcase> <!-- invalid_emailid -->
  <testcase name="invalid_emailid" time="0.002" classname="com.linkedin.cases.CreateNewAccount">
    <skipped/>
  </testcase> <!-- invalid_emailid -->
  <testcase name="invalid_emailid" time="0.004" classname="com.linkedin.cases.CreateNewAccount">
    <skipped/>
  </testcase> <!-- invalid_emailid -->
  <testcase name="invalid_emailid" time="0.001" classname="com.linkedin.cases.CreateNewAccount">
    <skipped/>
  </testcase> <!-- invalid_emailid -->
  <testcase name="invalid_emailid" time="0.018" classname="com.linkedin.cases.CreateNewAccount">
    <skipped/>
  </testcase> <!-- invalid_emailid -->
  <testcase name="invalid_emailid" time="0.001" classname="com.linkedin.cases.CreateNewAccount">
    <skipped/>
  </testcase> <!-- invalid_emailid -->
  <testcase name="invalid_emailid" time="0.004" classname="com.linkedin.cases.CreateNewAccount">
    <skipped/>
  </testcase> <!-- invalid_emailid -->
  <testcase name="invalid_emailid" time="0.005" classname="com.linkedin.cases.CreateNewAccount">
    <skipped/>
  </testcase> <!-- invalid_emailid -->
  <testcase name="invalid_emailid" time="0.007" classname="com.linkedin.cases.CreateNewAccount">
    <skipped/>
  </testcase> <!-- invalid_emailid -->
  <testcase name="invalid_emailid" time="0.001" classname="com.linkedin.cases.CreateNewAccount">
    <skipped/>
  </testcase> <!-- invalid_emailid -->
  <testcase name="invalid_emailid" time="0.001" classname="com.linkedin.cases.CreateNewAccount">
    <skipped/>
  </testcase> <!-- invalid_emailid -->
  <testcase name="invalid_emailid" time="0.01" classname="com.linkedin.cases.CreateNewAccount">
    <skipped/>
  </testcase> <!-- invalid_emailid -->
  <testcase name="invalid_emailid" time="0.012" classname="com.linkedin.cases.CreateNewAccount">
    <skipped/>
  </testcase> <!-- invalid_emailid -->
  <testcase name="invalid_emailid" time="0.001" classname="com.linkedin.cases.CreateNewAccount">
    <skipped/>
  </testcase> <!-- invalid_emailid -->
  <testcase name="invalid_emailid" time="0.004" classname="com.linkedin.cases.CreateNewAccount">
    <skipped/>
  </testcase> <!-- invalid_emailid -->
  <testcase name="invalid_password" time="0.001" classname="com.linkedin.cases.CreateNewAccount">
    <skipped/>
  </testcase> <!-- invalid_password -->
  <testcase name="invalid_password" time="0.002" classname="com.linkedin.cases.CreateNewAccount">
    <skipped/>
  </testcase> <!-- invalid_password -->
  <testcase name="invalid_password" time="0.004" classname="com.linkedin.cases.CreateNewAccount">
    <skipped/>
  </testcase> <!-- invalid_password -->
  <testcase name="invalid_password" time="0.002" classname="com.linkedin.cases.CreateNewAccount">
    <skipped/>
  </testcase> <!-- invalid_password -->
  <testcase name="invalid_password" time="0.002" classname="com.linkedin.cases.CreateNewAccount">
    <skipped/>
  </testcase> <!-- invalid_password -->
  <testcase name="invalid_password" time="0.006" classname="com.linkedin.cases.CreateNewAccount">
    <skipped/>
  </testcase> <!-- invalid_password -->
  <testcase name="onclick_functionality" time="0.001" classname="com.linkedin.cases.CreateNewAccount">
    <skipped/>
  </testcase> <!-- onclick_functionality -->
  <testcase name="privacypolicy_link" time="0.0" classname="com.linkedin.cases.CreateNewAccount">
    <skipped/>
  </testcase> <!-- privacypolicy_link -->
  <testcase name="register_success" time="0.0" classname="com.linkedin.cases.CreateNewAccount">
    <skipped/>
  </testcase> <!-- register_success -->
  <testcase name="tab_functionality" time="0.0" classname="com.linkedin.cases.CreateNewAccount">
    <skipped/>
  </testcase> <!-- tab_functionality -->
  <testcase name="textbox_edit" time="0.001" classname="com.linkedin.cases.CreateNewAccount">
    <skipped/>
  </testcase> <!-- textbox_edit -->
  <testcase name="useragreement_link" time="0.001" classname="com.linkedin.cases.CreateNewAccount">
    <skipped/>
  </testcase> <!-- useragreement_link -->
  <testcase name="verify_joinnow_button" time="0.0" classname="com.linkedin.cases.CreateNewAccount">
    <skipped/>
  </testcase> <!-- verify_joinnow_button -->
  <testcase name="verify_labels_onpage" time="0.001" classname="com.linkedin.cases.CreateNewAccount">
    <skipped/>
  </testcase> <!-- verify_labels_onpage -->
  <testcase name="verify_mendatory_fields" time="0.0" classname="com.linkedin.cases.CreateNewAccount">
    <skipped/>
  </testcase> <!-- verify_mendatory_fields -->
  <testcase name="verify_register_page" time="0.001" classname="com.linkedin.cases.CreateNewAccount">
    <skipped/>
  </testcase> <!-- verify_register_page -->
  <testcase name="verify_validation_msg" time="0.001" classname="com.linkedin.cases.CreateNewAccount">
    <skipped/>
  </testcase> <!-- verify_validation_msg -->
</testsuite> <!-- FirstName_SpecChar -->
