<html>
<head>
<title>TestNG:  FirstName_FirstSpace</title>
<link href="../testng.css" rel="stylesheet" type="text/css" />
<link href="../my-testng.css" rel="stylesheet" type="text/css" />

<style type="text/css">
.log { display: none;} 
.stack-trace { display: none;} 
</style>
<script type="text/javascript">
<!--
function flip(e) {
  current = e.style.display;
  if (current == 'block') {
    e.style.display = 'none';
    return 0;
  }
  else {
    e.style.display = 'block';
    return 1;
  }
}

function toggleBox(szDivId, elem, msg1, msg2)
{
  var res = -1;  if (document.getElementById) {
    res = flip(document.getElementById(szDivId));
  }
  else if (document.all) {
    // this is the way old msie versions work
    res = flip(document.all[szDivId]);
  }
  if(elem) {
    if(res == 0) elem.innerHTML = msg1; else elem.innerHTML = msg2;
  }

}

function toggleAllBoxes() {
  if (document.getElementsByTagName) {
    d = document.getElementsByTagName('div');
    for (i = 0; i < d.length; i++) {
      if (d[i].className == 'log') {
        flip(d[i]);
      }
    }
  }
}

// -->
</script>

</head>
<body>
<h2 align='center'>FirstName_FirstSpace</h2><table border='1' align="center">
<tr>
<td>Tests passed/Failed/Skipped:</td><td>2/2/0</td>
</tr><tr>
<td>Started on:</td><td>Fri Sep 05 18:22:12 IST 2014</td>
</tr>
<tr><td>Total time:</td><td>105 seconds (105486 ms)</td>
</tr><tr>
<td>Included groups:</td><td></td>
</tr><tr>
<td>Excluded groups:</td><td></td>
</tr>
</table><p/>
<small><i>(Hover the method name to see the test class name)</i></small><p/>
<table width='100%' border='1' class='invocation-failed'>
<tr><td colspan='4' align='center'><b>FAILED TESTS</b></td></tr>
<tr><td><b>Test method</b></td>
<td width="30%"><b>Exception</b></td>
<td width="10%"><b>Time (seconds)</b></td>
<td><b>Instance</b></td>
</tr>
<tr>
<td title='com.linkedin.cases.CreateNewAccount.invalidFirstname()'><b>invalidFirstname</b><br>Test class: com.linkedin.cases.CreateNewAccount<br>Parameters: Rah Ul, 10<br/>
<a href="#Output-3757629" onClick='toggleBox("Output-3757629", this, "Show output", "Hide output");'>Show output</a>

<a href="#Output-3757629" onClick="toggleAllBoxes();">Show all outputs</a>
<div class='log' id="Output-3757629">
<h4><strong><em>----- TESTCASE_10 : To verify that First Name field should have only characters. -----</em></strong></h4><br/>
<h3>  Step 1 : Open URL (http://www.linkedin.com)  </h3><br><br/>
Opening URL <br><br/>
<br> <b>Please look to the screenshot - </b><br/>
<br><Strong><font color=#FF0000>--Failed</font></strong><br/>
<a href='../test-output/screenshots/0905182348448invalidFirstname.png'>0905182348448invalidFirstname.png</a><br/>
</div>
</td>
<td><div><pre>org.openqa.selenium.remote.SessionNotFoundException: Session ID is null. Using WebDriver after calling quit()?
Build info: version: &apos;2.42.2&apos;, revision: &apos;6a6995d&apos;, time: &apos;2014-06-03 17:42:03&apos;
System info: host: &apos;Rahul_P&apos;, ip: &apos;192.168.56.1&apos;, os.name: &apos;Windows 8.1&apos;, os.arch: &apos;x86&apos;, os.version: &apos;6.3&apos;, java.version: &apos;1.7.0_55&apos;
Driver info: driver.version: RemoteWebDriver
	at org.openqa.selenium.remote.HttpCommandExecutor.execute(HttpCommandExecutor.java:147)
	at org.openqa.selenium.remote.RemoteWebDriver.execute(RemoteWebDriver.java:572)
	at org.openqa.selenium.remote.RemoteWebDriver.execute(RemoteWebDriver.java:614)
	at org.openqa.selenium.remote.RemoteWebDriver.getTitle(RemoteWebDriver.java:313)
	at com.linkedin.pages.CreateNewAccount_Verification.openURL(CreateNewAccount_Verification.java:46)
	at com.linkedin.cases.CreateNewAccount.invalidFirstname(CreateNewAccount.java:118)
	at sun.reflect.NativeMethodAccessorImpl.invoke0(Native Method)
	at sun.reflect.NativeMethodAccessorImpl.invoke(Unknown Source)
	at sun.reflect.DelegatingMethodAccessorImpl.invoke(Unknown Source)
	at java.lang.reflect.Method.invoke(Unknown Source)
	at org.testng.internal.MethodInvocationHelper.invokeMethod(MethodInvocationHelper.java:84)
	at org.testng.internal.Invoker.invokeMethod(Invoker.java:714)
	at org.testng.internal.Invoker.invokeTestMethod(Invoker.java:901)
	at org.testng.internal.TestMethodWithDataProviderMethodWorker.call(TestMethodWithDataProviderMethodWorker.java:73)
	at org.testng.internal.TestMethodWithDataProviderMethodWorker.call(TestMethodWithDataProviderMethodWorker.java:14)
	at java.util.concurrent.FutureTask.run(Unknown Source)
	at java.util.concurrent.Executors$RunnableAdapter.call(Unknown Source)
	at java.util.concurrent.FutureTask.run(Unknown Source)
	at java.util.concurrent.ThreadPoolExecutor.runWorker(Unknown Source)
	at java.util.concurrent.ThreadPoolExecutor$Worker.run(Unknown Source)
	at java.lang.Thread.run(Unknown Source)
</pre></div><a href='#' onClick='toggleBox("stack-trace3757629", this, "Click to show all stack frames", "Click to hide stack frames")'>Click to show all stack frames</a>
<div class='stack-trace' id='stack-trace3757629'><pre>org.openqa.selenium.remote.SessionNotFoundException: Session ID is null. Using WebDriver after calling quit()?
Build info: version: &apos;2.42.2&apos;, revision: &apos;6a6995d&apos;, time: &apos;2014-06-03 17:42:03&apos;
System info: host: &apos;Rahul_P&apos;, ip: &apos;192.168.56.1&apos;, os.name: &apos;Windows 8.1&apos;, os.arch: &apos;x86&apos;, os.version: &apos;6.3&apos;, java.version: &apos;1.7.0_55&apos;
Driver info: driver.version: RemoteWebDriver
	at org.openqa.selenium.remote.HttpCommandExecutor.execute(HttpCommandExecutor.java:147)
	at org.openqa.selenium.remote.RemoteWebDriver.execute(RemoteWebDriver.java:572)
	at org.openqa.selenium.remote.RemoteWebDriver.execute(RemoteWebDriver.java:614)
	at org.openqa.selenium.remote.RemoteWebDriver.getTitle(RemoteWebDriver.java:313)
	at com.linkedin.pages.CreateNewAccount_Verification.openURL(CreateNewAccount_Verification.java:46)
	at com.linkedin.cases.CreateNewAccount.invalidFirstname(CreateNewAccount.java:118)
	at sun.reflect.NativeMethodAccessorImpl.invoke0(Native Method)
	at sun.reflect.NativeMethodAccessorImpl.invoke(Unknown Source)
	at sun.reflect.DelegatingMethodAccessorImpl.invoke(Unknown Source)
	at java.lang.reflect.Method.invoke(Unknown Source)
	at org.testng.internal.MethodInvocationHelper.invokeMethod(MethodInvocationHelper.java:84)
	at org.testng.internal.Invoker.invokeMethod(Invoker.java:714)
	at org.testng.internal.Invoker.invokeTestMethod(Invoker.java:901)
	at org.testng.internal.TestMethodWithDataProviderMethodWorker.call(TestMethodWithDataProviderMethodWorker.java:73)
	at org.testng.internal.TestMethodWithDataProviderMethodWorker.call(TestMethodWithDataProviderMethodWorker.java:14)
	at java.util.concurrent.FutureTask.run(Unknown Source)
	at java.util.concurrent.Executors$RunnableAdapter.call(Unknown Source)
	at java.util.concurrent.FutureTask.run(Unknown Source)
	at java.util.concurrent.ThreadPoolExecutor.runWorker(Unknown Source)
	at java.util.concurrent.ThreadPoolExecutor$Worker.run(Unknown Source)
	at java.lang.Thread.run(Unknown Source)
</pre></div></td>
<td>3</td>
<td>com.linkedin.cases.CreateNewAccount@159d796</td></tr>
<tr>
<td title='com.linkedin.cases.CreateNewAccount.invalidFirstname()'><b>invalidFirstname</b><br>Test class: com.linkedin.cases.CreateNewAccount<br>Parameters: R@hu!_, 9<br/>
<a href="#Output-2304739" onClick='toggleBox("Output-2304739", this, "Show output", "Hide output");'>Show output</a>

<a href="#Output-2304739" onClick="toggleAllBoxes();">Show all outputs</a>
<div class='log' id="Output-2304739">
<h4><strong><em>----- TESTCASE_9 : To verify that First Name field should have only characters. -----</em></strong></h4><br/>
<h3>  Step 1 : Open URL (http://www.linkedin.com)  </h3><br><br/>
Opening URL <br><br/>
<br> <b>Please look to the screenshot - </b><br/>
</div>
</td>
<td><div><pre>org.openqa.selenium.WebDriverException: The FirefoxDriver cannot be used after quit() was called.
Build info: version: &apos;2.42.2&apos;, revision: &apos;6a6995d&apos;, time: &apos;2014-06-03 17:42:03&apos;
System info: host: &apos;Rahul_P&apos;, ip: &apos;192.168.56.1&apos;, os.name: &apos;Windows 8&apos;, os.arch: &apos;x86&apos;, os.version: &apos;6.2&apos;, java.version: &apos;1.7.0_40&apos;
Driver info: driver.version: EventFiringWebDriver
Command duration or timeout: 2.38 seconds
Build info: version: &apos;2.42.2&apos;, revision: &apos;6a6995d&apos;, time: &apos;2014-06-03 17:42:03&apos;
System info: host: &apos;Rahul_P&apos;, ip: &apos;192.168.56.1&apos;, os.name: &apos;Windows 8.1&apos;, os.arch: &apos;x86&apos;, os.version: &apos;6.3&apos;, java.version: &apos;1.7.0_55&apos;
Driver info: org.openqa.selenium.remote.RemoteWebDriver
Capabilities [{platform=XP, acceptSslCerts=true, javascriptEnabled=true, browserName=firefox, rotatable=false, locationContextEnabled=true, webdriver.remote.sessionid=aca7209b-746b-4d43-ae79-eb97a605629d, version=31.0, cssSelectorsEnabled=true, databaseEnabled=true, handlesAlerts=true, nativeEvents=false, webStorageEnabled=true, applicationCacheEnabled=true, takesScreenshot=true}]
	at sun.reflect.NativeConstructorAccessorImpl.newInstance0(Native Method)
	at sun.reflect.NativeConstructorAccessorImpl.newInstance(Unknown Source)
	at sun.reflect.DelegatingConstructorAccessorImpl.newInstance(Unknown Source)
	at java.lang.reflect.Constructor.newInstance(Unknown Source)
	at org.openqa.selenium.remote.ErrorHandler.createThrowable(ErrorHandler.java:204)
	at org.openqa.selenium.remote.ErrorHandler.throwIfResponseFailed(ErrorHandler.java:156)
	at org.openqa.selenium.remote.RemoteWebDriver.execute(RemoteWebDriver.java:599)
	at org.openqa.selenium.remote.RemoteWebDriver.execute(RemoteWebDriver.java:614)
	at org.openqa.selenium.remote.RemoteWebDriver.getTitle(RemoteWebDriver.java:313)
	at com.linkedin.pages.CreateNewAccount_Verification.openURL(CreateNewAccount_Verification.java:46)
	at com.linkedin.cases.CreateNewAccount.invalidFirstname(CreateNewAccount.java:118)
	at sun.reflect.NativeMethodAccessorImpl.invoke0(Native Method)
	at sun.reflect.NativeMethodAccessorImpl.invoke(Unknown Source)
	at sun.reflect.DelegatingMethodAccessorImpl.invoke(Unknown Source)
	at java.lang.reflect.Method.invoke(Unknown Source)
	at org.testng.internal.MethodInvocationHelper.invokeMethod(MethodInvocationHelper.java:84)
	at org.testng.internal.Invoker.invokeMethod(Invoker.java:714)
	at org.testng.internal.Invoker.invokeTestMethod(Invoker.java:901)
	at org.testng.internal.TestMethodWithDataProviderMethodWorker.call(TestMethodWithDataProviderMethodWorker.java:73)
	at org.testng.internal.TestMethodWithDataProviderMethodWorker.call(TestMethodWithDataProviderMethodWorker.java:14)
	at java.util.concurrent.FutureTask.run(Unknown Source)
	at java.util.concurrent.Executors$RunnableAdapter.call(Unknown Source)
	at java.util.concurrent.FutureTask.run(Unknown Source)
	at java.util.concurrent.ThreadPoolExecutor.runWorker(Unknown Source)
	at java.util.concurrent.ThreadPoolExecutor$Worker.run(Unknown Source)
	at java.lang.Thread.run(Unknown Source)
Caused by: org.openqa.selenium.remote.ScreenshotException: Screen shot has been taken
Build info: version: &apos;2.42.2&apos;, revision: &apos;6a6995d&apos;, time: &apos;2014-06-03 17:42:03&apos;
System info: host: &apos;Rahul_P&apos;, ip: &apos;192.168.56.1&apos;, os.name: &apos;Windows 8.1&apos;, os.arch: &apos;x86&apos;, os.version: &apos;6.3&apos;, java.version: &apos;1.7.0_55&apos;
Driver info: driver.version: RemoteWebDriver
	at org.openqa.selenium.remote.ErrorHandler.throwIfResponseFailed(ErrorHandler.java:136)
	... 20 more
Caused by: org.openqa.selenium.remote.SessionNotFoundException: The FirefoxDriver cannot be used after quit() was called.
Build info: version: &apos;2.42.2&apos;, revision: &apos;6a6995d&apos;, time: &apos;2014-06-03 17:42:03&apos;
System info: host: &apos;Rahul_P&apos;, ip: &apos;192.168.56.1&apos;, os.name: &apos;Windows 8&apos;, os.arch: &apos;x86&apos;, os.version: &apos;6.2&apos;, java.version: &apos;1.7.0_40&apos;
Driver info: driver.version: EventFiringWebDriver
Build info: version: &apos;2.42.2&apos;, revision: &apos;6a6995d&apos;, time: &apos;2014-06-03 17:42:03&apos;
System info: host: &apos;Rahul_P&apos;, ip: &apos;192.168.56.1&apos;, os.name: &apos;Windows 8.1&apos;, os.arch: &apos;x86&apos;, os.version: &apos;6.3&apos;, java.version: &apos;1.7.0_55&apos;
Driver info: driver.version: EventFiringWebDriver
	at org.openqa.selenium.firefox.FirefoxDriver$LazyCommandExecutor.execute(FirefoxDriver.java:359)
	at org.openqa.selenium.remote.RemoteWebDriver.execute(RemoteWebDriver.java:572)
	at org.openqa.selenium.remote.RemoteWebDriver.execute(RemoteWebDriver.java:614)
	at org.openqa.selenium.remote.RemoteWebDriver.getTitle(RemoteWebDriver.java:313)
	at sun.reflect.GeneratedMethodAccessor157.invoke(Unknown Source)
	at sun.reflect.DelegatingMethodAccessorImpl.invoke(DelegatingMethodAccessorImpl.java:43)
	at java.lang.reflect.Method.invoke(Method.java:606)
	at org.openqa.selenium.support.events.EventFiringWebDriver$2.invoke(EventFiringWebDriver.java:101)
	at com.sun.proxy.$Proxy3.getTitle(Unknown Source)
	at org.openqa.selenium.support.events.EventFiringWebDriver.getTitle(EventFiringWebDriver.java:168)
	at org.openqa.selenium.remote.server.handler.GetTitle.call(GetTitle.java:29)
	at org.openqa.selenium.remote.server.handler.GetTitle.call(GetTitle.java:1)
	at java.util.concurrent.FutureTask.run(FutureTask.java:262)
	at org.openqa.selenium.remote.server.DefaultSession$1.run(DefaultSession.java:169)
	at java.util.concurrent.ThreadPoolExecutor.runWorker(ThreadPoolExecutor.java:1145)
	at java.util.concurrent.ThreadPoolExecutor$Worker.run(ThreadPoolExecutor.java:615)
	at java.lang.Thread.run(Thread.java:724)
</pre></div><a href='#' onClick='toggleBox("stack-trace2304739", this, "Click to show all stack frames", "Click to hide stack frames")'>Click to show all stack frames</a>
<div class='stack-trace' id='stack-trace2304739'><pre>org.openqa.selenium.WebDriverException: The FirefoxDriver cannot be used after quit() was called.
Build info: version: &apos;2.42.2&apos;, revision: &apos;6a6995d&apos;, time: &apos;2014-06-03 17:42:03&apos;
System info: host: &apos;Rahul_P&apos;, ip: &apos;192.168.56.1&apos;, os.name: &apos;Windows 8&apos;, os.arch: &apos;x86&apos;, os.version: &apos;6.2&apos;, java.version: &apos;1.7.0_40&apos;
Driver info: driver.version: EventFiringWebDriver
Command duration or timeout: 2.38 seconds
Build info: version: &apos;2.42.2&apos;, revision: &apos;6a6995d&apos;, time: &apos;2014-06-03 17:42:03&apos;
System info: host: &apos;Rahul_P&apos;, ip: &apos;192.168.56.1&apos;, os.name: &apos;Windows 8.1&apos;, os.arch: &apos;x86&apos;, os.version: &apos;6.3&apos;, java.version: &apos;1.7.0_55&apos;
Driver info: org.openqa.selenium.remote.RemoteWebDriver
Capabilities [{platform=XP, acceptSslCerts=true, javascriptEnabled=true, browserName=firefox, rotatable=false, locationContextEnabled=true, webdriver.remote.sessionid=aca7209b-746b-4d43-ae79-eb97a605629d, version=31.0, cssSelectorsEnabled=true, databaseEnabled=true, handlesAlerts=true, nativeEvents=false, webStorageEnabled=true, applicationCacheEnabled=true, takesScreenshot=true}]
	at sun.reflect.NativeConstructorAccessorImpl.newInstance0(Native Method)
	at sun.reflect.NativeConstructorAccessorImpl.newInstance(Unknown Source)
	at sun.reflect.DelegatingConstructorAccessorImpl.newInstance(Unknown Source)
	at java.lang.reflect.Constructor.newInstance(Unknown Source)
	at org.openqa.selenium.remote.ErrorHandler.createThrowable(ErrorHandler.java:204)
	at org.openqa.selenium.remote.ErrorHandler.throwIfResponseFailed(ErrorHandler.java:156)
	at org.openqa.selenium.remote.RemoteWebDriver.execute(RemoteWebDriver.java:599)
	at org.openqa.selenium.remote.RemoteWebDriver.execute(RemoteWebDriver.java:614)
	at org.openqa.selenium.remote.RemoteWebDriver.getTitle(RemoteWebDriver.java:313)
	at com.linkedin.pages.CreateNewAccount_Verification.openURL(CreateNewAccount_Verification.java:46)
	at com.linkedin.cases.CreateNewAccount.invalidFirstname(CreateNewAccount.java:118)
	at sun.reflect.NativeMethodAccessorImpl.invoke0(Native Method)
	at sun.reflect.NativeMethodAccessorImpl.invoke(Unknown Source)
	at sun.reflect.DelegatingMethodAccessorImpl.invoke(Unknown Source)
	at java.lang.reflect.Method.invoke(Unknown Source)
	at org.testng.internal.MethodInvocationHelper.invokeMethod(MethodInvocationHelper.java:84)
	at org.testng.internal.Invoker.invokeMethod(Invoker.java:714)
	at org.testng.internal.Invoker.invokeTestMethod(Invoker.java:901)
	at org.testng.internal.TestMethodWithDataProviderMethodWorker.call(TestMethodWithDataProviderMethodWorker.java:73)
	at org.testng.internal.TestMethodWithDataProviderMethodWorker.call(TestMethodWithDataProviderMethodWorker.java:14)
	at java.util.concurrent.FutureTask.run(Unknown Source)
	at java.util.concurrent.Executors$RunnableAdapter.call(Unknown Source)
	at java.util.concurrent.FutureTask.run(Unknown Source)
	at java.util.concurrent.ThreadPoolExecutor.runWorker(Unknown Source)
	at java.util.concurrent.ThreadPoolExecutor$Worker.run(Unknown Source)
	at java.lang.Thread.run(Unknown Source)
Caused by: org.openqa.selenium.remote.ScreenshotException: Screen shot has been taken
Build info: version: &apos;2.42.2&apos;, revision: &apos;6a6995d&apos;, time: &apos;2014-06-03 17:42:03&apos;
System info: host: &apos;Rahul_P&apos;, ip: &apos;192.168.56.1&apos;, os.name: &apos;Windows 8.1&apos;, os.arch: &apos;x86&apos;, os.version: &apos;6.3&apos;, java.version: &apos;1.7.0_55&apos;
Driver info: driver.version: RemoteWebDriver
	at org.openqa.selenium.remote.ErrorHandler.throwIfResponseFailed(ErrorHandler.java:136)
	... 20 more
Caused by: org.openqa.selenium.remote.SessionNotFoundException: The FirefoxDriver cannot be used after quit() was called.
Build info: version: &apos;2.42.2&apos;, revision: &apos;6a6995d&apos;, time: &apos;2014-06-03 17:42:03&apos;
System info: host: &apos;Rahul_P&apos;, ip: &apos;192.168.56.1&apos;, os.name: &apos;Windows 8&apos;, os.arch: &apos;x86&apos;, os.version: &apos;6.2&apos;, java.version: &apos;1.7.0_40&apos;
Driver info: driver.version: EventFiringWebDriver
Build info: version: &apos;2.42.2&apos;, revision: &apos;6a6995d&apos;, time: &apos;2014-06-03 17:42:03&apos;
System info: host: &apos;Rahul_P&apos;, ip: &apos;192.168.56.1&apos;, os.name: &apos;Windows 8.1&apos;, os.arch: &apos;x86&apos;, os.version: &apos;6.3&apos;, java.version: &apos;1.7.0_55&apos;
Driver info: driver.version: EventFiringWebDriver
	at org.openqa.selenium.firefox.FirefoxDriver$LazyCommandExecutor.execute(FirefoxDriver.java:359)
	at org.openqa.selenium.remote.RemoteWebDriver.execute(RemoteWebDriver.java:572)
	at org.openqa.selenium.remote.RemoteWebDriver.execute(RemoteWebDriver.java:614)
	at org.openqa.selenium.remote.RemoteWebDriver.getTitle(RemoteWebDriver.java:313)
	at sun.reflect.GeneratedMethodAccessor157.invoke(Unknown Source)
	at sun.reflect.DelegatingMethodAccessorImpl.invoke(DelegatingMethodAccessorImpl.java:43)
	at java.lang.reflect.Method.invoke(Method.java:606)
	at org.openqa.selenium.support.events.EventFiringWebDriver$2.invoke(EventFiringWebDriver.java:101)
	at com.sun.proxy.$Proxy3.getTitle(Unknown Source)
	at org.openqa.selenium.support.events.EventFiringWebDriver.getTitle(EventFiringWebDriver.java:168)
	at org.openqa.selenium.remote.server.handler.GetTitle.call(GetTitle.java:29)
	at org.openqa.selenium.remote.server.handler.GetTitle.call(GetTitle.java:1)
	at java.util.concurrent.FutureTask.run(FutureTask.java:262)
	at org.openqa.selenium.remote.server.DefaultSession$1.run(DefaultSession.java:169)
	at java.util.concurrent.ThreadPoolExecutor.runWorker(ThreadPoolExecutor.java:1145)
	at java.util.concurrent.ThreadPoolExecutor$Worker.run(ThreadPoolExecutor.java:615)
	at java.lang.Thread.run(Thread.java:724)
</pre></div></td>
<td>5</td>
<td>com.linkedin.cases.CreateNewAccount@159d796</td></tr>
</table><p>
<table width='100%' border='1' class='invocation-passed'>
<tr><td colspan='4' align='center'><b>PASSED TESTS</b></td></tr>
<tr><td><b>Test method</b></td>
<td width="30%"><b>Exception</b></td>
<td width="10%"><b>Time (seconds)</b></td>
<td><b>Instance</b></td>
</tr>
<tr>
<td title='com.linkedin.cases.CreateNewAccount.invalidFirstname()'><b>invalidFirstname</b><br>Test class: com.linkedin.cases.CreateNewAccount<br>Parameters: , 7<br/>
<a href="#Output-3196618" onClick='toggleBox("Output-3196618", this, "Show output", "Hide output");'>Show output</a>

<a href="#Output-3196618" onClick="toggleAllBoxes();">Show all outputs</a>
<div class='log' id="Output-3196618">
<h4><strong><em>----- TESTCASE_7 : To verify that First Name field should have only characters. -----</em></strong></h4><br/>
<h3>  Step 1 : Open URL (http://www.linkedin.com)  </h3><br><br/>
Opening URL <br><br/>
Page open succesfully<br/>
<h3>  Step 2 : Enter First Name  </h3><br><br/>
Enter First Name: <strong><em><br/>
<h3>  Step 3 : Enter Last Name  </h3><br><br/>
Enter Last Name:<strong><em> crfdo<br/>
<h3>  Step 4 : Enter Emailid  </h3><br><br/>
Enter emailid: <strong><em>oosqixx@mailinator.com<br/>
<h3>  Step 5 : Enter Password  </h3><br><br/>
Enter Password: <strong><em>adnkvkywv<br/>
<h3>  Step 6 : Click "Join Now" button  </h3><br><br/>
 User see validation message <p style=color:green><strong><em>PASSED</p></h3><br/>
Case successfully PASSED <hr><br/>
</div>
</td>
<td></td>
<td>28</td>
<td>com.linkedin.cases.CreateNewAccount@159d796</td></tr>
<tr>
<td title='com.linkedin.cases.CreateNewAccount.invalidFirstname()'><b>invalidFirstname</b><br>Test class: com.linkedin.cases.CreateNewAccount<br>Parameters:  Rahul, 8<br/>
<a href="#Output-3868560" onClick='toggleBox("Output-3868560", this, "Show output", "Hide output");'>Show output</a>

<a href="#Output-3868560" onClick="toggleAllBoxes();">Show all outputs</a>
<div class='log' id="Output-3868560">
<h4><strong><em>----- TESTCASE_8 : To verify that First Name field should have only characters. -----</em></strong></h4><br/>
<h3>  Step 1 : Open URL (http://www.linkedin.com)  </h3><br><br/>
Opening URL <br><br/>
Page open succesfully<br/>
<h3>  Step 2 : Enter First Name  </h3><br><br/>
Enter First Name: <strong><em> Rahul<br/>
<h3>  Step 3 : Enter Last Name  </h3><br><br/>
Enter Last Name:<strong><em> wyplf<br/>
<h3>  Step 4 : Enter Emailid  </h3><br><br/>
Enter emailid: <strong><em>hewrarg@mailinator.com<br/>
<h3>  Step 5 : Enter Password  </h3><br><br/>
Enter Password: <strong><em>bbilvfkzs<br/>
<h3>  Step 6 : Click "Join Now" button  </h3><br><br/>
 User can't see any validation message <p style=color:red><strong><em>FAILED</p></h3><br/>
Case successfully PASSED <hr><br/>
</div>
</td>
<td></td>
<td>30</td>
<td>com.linkedin.cases.CreateNewAccount@159d796</td></tr>
</table><p>
</body>
</html>